<?xml version="1.0" encoding="UTF-8"?>
<!-- Generated by org.testng.reporters.JUnitXMLReporter -->
<testsuite ignored="0" hostname="DESKTOP-H1ECC4V" failures="0" tests="4" name="Default test" time="22.96" errors="0" timestamp="2022-05-09T21:34:05 CDT">
  <testcase classname="script.demo3" name="test3" time="0.009"/>
  <testcase classname="script.demo3" name="test3" time="0.0"/>
  <testcase classname="script.demo3" name="test3" time="0.001"/>
  <testcase classname="script.demo3" name="test3" time="0.003"/>
</testsuite> <!-- Default test -->
