<?xml version="1.0" encoding="UTF-8"?>
<!-- Generated by org.testng.reporters.JUnitXMLReporter -->
<testsuite ignored="8" hostname="DESKTOP-H1ECC4V" failures="0" tests="13" name="Test1" time="111.828" errors="0" timestamp="2022-05-09T22:04:03 CDT">
  <testcase classname="script.Login" name="test1" time="0.009"/>
  <testcase classname="script.Loginusingframework" name="test1" time="0.007"/>
  <testcase classname="script.demo4" name="testA" time="0.002"/>
  <testcase classname="script.demo4" name="testB" time="0.0"/>
  <testcase classname="script.demo5" name="test_report" time="0.33"/>
  <testcase classname="script.demo1" name="test1" time="0.546"/>
  <testcase classname="script.demo2" name="test2" time="0.01"/>
  <testcase classname="script.demo2" name="test2" time="0.008"/>
  <testcase classname="script.demo2" name="test2" time="0.007"/>
  <testcase classname="script.demo3" name="test3" time="0.002"/>
  <testcase classname="script.demo3" name="test3" time="0.001"/>
  <testcase classname="script.demo3" name="test3" time="0.002"/>
  <testcase classname="script.demo3" name="test3" time="0.001"/>
  <testcase classname="generic.BaseTest" name="@BeforeSuite initReport" time="0.0">
    <ignored/>
  </testcase> <!-- @BeforeSuite initReport -->
  <testcase classname="generic.BaseTest" name="@BeforeSuite initReport" time="0.0">
    <ignored/>
  </testcase> <!-- @BeforeSuite initReport -->
  <testcase classname="generic.BaseTest" name="@BeforeSuite initReport" time="0.0">
    <ignored/>
  </testcase> <!-- @BeforeSuite initReport -->
  <testcase classname="generic.BaseTest" name="@BeforeSuite initReport" time="0.0">
    <ignored/>
  </testcase> <!-- @BeforeSuite initReport -->
  <testcase classname="generic.BaseTest" name="@AfterSuite publishReport" time="0.0">
    <ignored/>
  </testcase> <!-- @AfterSuite publishReport -->
  <testcase classname="generic.BaseTest" name="@AfterSuite publishReport" time="0.0">
    <ignored/>
  </testcase> <!-- @AfterSuite publishReport -->
  <testcase classname="generic.BaseTest" name="@AfterSuite publishReport" time="0.0">
    <ignored/>
  </testcase> <!-- @AfterSuite publishReport -->
  <testcase classname="generic.BaseTest" name="@AfterSuite publishReport" time="0.0">
    <ignored/>
  </testcase> <!-- @AfterSuite publishReport -->
</testsuite> <!-- Test1 -->
