<?xml version="1.0" encoding="UTF-8"?>
<testng-results ignored="8" total="21" passed="13" failed="0" skipped="0">
  <reporter-output>
    <line>
      <![CDATA[Facebook - log in or sign up]]>
    </line>
    <line>
      <![CDATA[Facebook - log in or sign up]]>
    </line>
    <line>
      <![CDATA[Next method is:testA]]>
    </line>
    <line>
      <![CDATA[testA]]>
    </line>
    <line>
      <![CDATA[Next method is:testB]]>
    </line>
    <line>
      <![CDATA[testB]]>
    </line>
    <line>
      <![CDATA[Facebook - log in or sign up]]>
    </line>
    <line>
      <![CDATA[admin]]>
    </line>
    <line>
      <![CDATA[manager]]>
    </line>
    <line>
      <![CDATA[bhanu]]>
    </line>
    <line>
      <![CDATA[abcd]]>
    </line>
    <line>
      <![CDATA[akshara]]>
    </line>
    <line>
      <![CDATA[xyz]]>
    </line>
    <line>
      <![CDATA[Facebook - log in or sign up]]>
    </line>
    <line>
      <![CDATA[A1]]>
    </line>
    <line>
      <![CDATA[B1]]>
    </line>
    <line>
      <![CDATA[Facebook - log in or sign up]]>
    </line>
    <line>
      <![CDATA[A2]]>
    </line>
    <line>
      <![CDATA[B2]]>
    </line>
    <line>
      <![CDATA[Facebook - log in or sign up]]>
    </line>
    <line>
      <![CDATA[A3]]>
    </line>
    <line>
      <![CDATA[B3]]>
    </line>
    <line>
      <![CDATA[A1]]>
    </line>
    <line>
      <![CDATA[B1]]>
    </line>
    <line>
      <![CDATA[C1]]>
    </line>
    <line>
      <![CDATA[A2]]>
    </line>
    <line>
      <![CDATA[B2]]>
    </line>
    <line>
      <![CDATA[A3]]>
    </line>
    <line>
      <![CDATA[]]>
    </line>
    <line>
      <![CDATA[C3]]>
    </line>
    <line>
      <![CDATA[A4]]>
    </line>
  </reporter-output>
  <suite started-at="2022-05-09T22:02:11 CDT" name="Suite" finished-at="2022-05-09T22:04:03 CDT" duration-ms="111828">
    <groups>
      <group name="smoke">
        <method signature="demo1.test1()[pri:1, instance:script.demo1@53aac487]" name="test1" class="script.demo1"/>
        <method signature="demo2.test2([Ljava.lang.String;)[pri:2, instance:script.demo2@5a45133e]" name="test2" class="script.demo2"/>
        <method signature="demo3.test3([Ljava.lang.String;)[pri:3, instance:script.demo3@534a5a98]" name="test3" class="script.demo3"/>
      </group> <!-- smoke -->
    </groups>
    <test started-at="2022-05-09T22:02:11 CDT" name="Test1" finished-at="2022-05-09T22:04:03 CDT" duration-ms="111828">
      <class name="script.demo1">
        <test-method is-config="true" signature="initReport()[pri:0, instance:script.demo1@53aac487]" started-at="2022-05-09T22:02:11 CDT" name="initReport" finished-at="2022-05-09T22:02:11 CDT" duration-ms="199" status="PASS">
          <reporter-output>
          </reporter-output>
        </test-method> <!-- initReport -->
        <test-method is-config="true" signature="createTest(java.lang.reflect.Method)[pri:0, instance:script.demo1@53aac487]" started-at="2022-05-09T22:02:37 CDT" name="createTest" finished-at="2022-05-09T22:02:37 CDT" duration-ms="1" status="PASS">
          <params>
            <param index="0">
              <value>
                <![CDATA[public void script.demo1.test1()]]>
              </value>
            </param>
          </params>
          <reporter-output>
          </reporter-output>
        </test-method> <!-- createTest -->
        <test-method is-config="true" signature="openApp(java.lang.String)[pri:0, instance:script.demo1@53aac487]" started-at="2022-05-09T22:02:37 CDT" name="openApp" finished-at="2022-05-09T22:02:48 CDT" duration-ms="10954" status="PASS">
          <params>
            <param index="0">
              <value>
                <![CDATA[qa_config.properties]]>
              </value>
            </param>
          </params>
          <reporter-output>
          </reporter-output>
        </test-method> <!-- openApp -->
        <test-method signature="test1()[pri:1, instance:script.demo1@53aac487]" started-at="2022-05-09T22:02:48 CDT" name="test1" finished-at="2022-05-09T22:02:49 CDT" duration-ms="546" status="PASS">
          <reporter-output>
            <line>
              <![CDATA[Facebook - log in or sign up]]>
            </line>
            <line>
              <![CDATA[admin]]>
            </line>
            <line>
              <![CDATA[manager]]>
            </line>
            <line>
              <![CDATA[bhanu]]>
            </line>
            <line>
              <![CDATA[abcd]]>
            </line>
            <line>
              <![CDATA[akshara]]>
            </line>
            <line>
              <![CDATA[xyz]]>
            </line>
          </reporter-output>
        </test-method> <!-- test1 -->
        <test-method is-config="true" signature="closeApp()[pri:0, instance:script.demo1@53aac487]" started-at="2022-05-09T22:02:49 CDT" name="closeApp" finished-at="2022-05-09T22:02:50 CDT" duration-ms="728" status="PASS">
          <reporter-output>
          </reporter-output>
        </test-method> <!-- closeApp -->
        <test-method is-config="true" signature="publishReport()[pri:0, instance:script.demo1@53aac487]" started-at="2022-05-09T22:04:03 CDT" name="publishReport" finished-at="2022-05-09T22:04:03 CDT" duration-ms="116" status="PASS">
          <reporter-output>
          </reporter-output>
        </test-method> <!-- publishReport -->
      </class> <!-- script.demo1 -->
      <class name="script.demo4">
        <test-method signature="testA()[pri:0, instance:script.demo4@4f80542f]" started-at="2022-05-09T22:02:37 CDT" name="testA" finished-at="2022-05-09T22:02:37 CDT" duration-ms="2" status="PASS">
          <reporter-output>
            <line>
              <![CDATA[testA]]>
            </line>
          </reporter-output>
        </test-method> <!-- testA -->
        <test-method is-config="true" signature="pc(java.lang.reflect.Method)[pri:0, instance:script.demo4@4f80542f]" started-at="2022-05-09T22:02:37 CDT" name="pc" finished-at="2022-05-09T22:02:37 CDT" duration-ms="0" status="PASS">
          <params>
            <param index="0">
              <value>
                <![CDATA[public void script.demo4.testA()]]>
              </value>
            </param>
          </params>
          <reporter-output>
            <line>
              <![CDATA[Next method is:testA]]>
            </line>
          </reporter-output>
        </test-method> <!-- pc -->
        <test-method is-config="true" signature="pc(java.lang.reflect.Method)[pri:0, instance:script.demo4@4f80542f]" started-at="2022-05-09T22:02:37 CDT" name="pc" finished-at="2022-05-09T22:02:37 CDT" duration-ms="0" status="PASS">
          <params>
            <param index="0">
              <value>
                <![CDATA[public void script.demo4.testB()]]>
              </value>
            </param>
          </params>
          <reporter-output>
            <line>
              <![CDATA[Next method is:testB]]>
            </line>
          </reporter-output>
        </test-method> <!-- pc -->
        <test-method signature="testB()[pri:0, instance:script.demo4@4f80542f]" started-at="2022-05-09T22:02:37 CDT" name="testB" finished-at="2022-05-09T22:02:37 CDT" duration-ms="0" status="PASS">
          <reporter-output>
            <line>
              <![CDATA[testB]]>
            </line>
          </reporter-output>
        </test-method> <!-- testB -->
      </class> <!-- script.demo4 -->
      <class name="script.demo5">
        <test-method signature="test_report()[pri:0, instance:script.demo5@60bd273d]" started-at="2022-05-09T22:02:37 CDT" name="test_report" finished-at="2022-05-09T22:02:37 CDT" duration-ms="330" status="PASS">
          <reporter-output>
          </reporter-output>
        </test-method> <!-- test_report -->
      </class> <!-- script.demo5 -->
      <class name="script.demo2">
        <test-method is-config="true" signature="createTest(java.lang.reflect.Method)[pri:0, instance:script.demo2@5a45133e]" started-at="2022-05-09T22:02:50 CDT" name="createTest" finished-at="2022-05-09T22:02:50 CDT" duration-ms="1" status="PASS">
          <params>
            <param index="0">
              <value>
                <![CDATA[public void script.demo2.test2(java.lang.String[])]]>
              </value>
            </param>
          </params>
          <reporter-output>
          </reporter-output>
        </test-method> <!-- createTest -->
        <test-method is-config="true" signature="openApp(java.lang.String)[pri:0, instance:script.demo2@5a45133e]" started-at="2022-05-09T22:02:50 CDT" name="openApp" finished-at="2022-05-09T22:03:03 CDT" duration-ms="13139" status="PASS">
          <params>
            <param index="0">
              <value>
                <![CDATA[qa_config.properties]]>
              </value>
            </param>
          </params>
          <reporter-output>
          </reporter-output>
        </test-method> <!-- openApp -->
        <test-method signature="test2([Ljava.lang.String;)[pri:2, instance:script.demo2@5a45133e]" started-at="2022-05-09T22:03:03 CDT" name="test2" data-provider="getData" finished-at="2022-05-09T22:03:03 CDT" duration-ms="10" status="PASS">
          <params>
            <param index="0">
              <value>
                <![CDATA[[Ljava.lang.String;@56b90de8]]>
              </value>
            </param>
          </params>
          <reporter-output>
            <line>
              <![CDATA[Facebook - log in or sign up]]>
            </line>
            <line>
              <![CDATA[A1]]>
            </line>
            <line>
              <![CDATA[B1]]>
            </line>
          </reporter-output>
        </test-method> <!-- test2 -->
        <test-method is-config="true" signature="closeApp()[pri:0, instance:script.demo2@5a45133e]" started-at="2022-05-09T22:03:03 CDT" name="closeApp" finished-at="2022-05-09T22:03:04 CDT" duration-ms="1137" status="PASS">
          <reporter-output>
          </reporter-output>
        </test-method> <!-- closeApp -->
        <test-method is-config="true" signature="createTest(java.lang.reflect.Method)[pri:0, instance:script.demo2@5a45133e]" started-at="2022-05-09T22:03:04 CDT" name="createTest" finished-at="2022-05-09T22:03:04 CDT" duration-ms="2" status="PASS">
          <params>
            <param index="0">
              <value>
                <![CDATA[public void script.demo2.test2(java.lang.String[])]]>
              </value>
            </param>
          </params>
          <reporter-output>
          </reporter-output>
        </test-method> <!-- createTest -->
        <test-method is-config="true" signature="openApp(java.lang.String)[pri:0, instance:script.demo2@5a45133e]" started-at="2022-05-09T22:03:04 CDT" name="openApp" finished-at="2022-05-09T22:03:12 CDT" duration-ms="7901" status="PASS">
          <params>
            <param index="0">
              <value>
                <![CDATA[qa_config.properties]]>
              </value>
            </param>
          </params>
          <reporter-output>
          </reporter-output>
        </test-method> <!-- openApp -->
        <test-method signature="test2([Ljava.lang.String;)[pri:2, instance:script.demo2@5a45133e]" started-at="2022-05-09T22:03:12 CDT" name="test2" data-provider="getData" finished-at="2022-05-09T22:03:12 CDT" duration-ms="8" status="PASS">
          <params>
            <param index="0">
              <value>
                <![CDATA[[Ljava.lang.String;@b384d6a]]>
              </value>
            </param>
          </params>
          <reporter-output>
            <line>
              <![CDATA[Facebook - log in or sign up]]>
            </line>
            <line>
              <![CDATA[A2]]>
            </line>
            <line>
              <![CDATA[B2]]>
            </line>
          </reporter-output>
        </test-method> <!-- test2 -->
        <test-method is-config="true" signature="closeApp()[pri:0, instance:script.demo2@5a45133e]" started-at="2022-05-09T22:03:12 CDT" name="closeApp" finished-at="2022-05-09T22:03:12 CDT" duration-ms="649" status="PASS">
          <reporter-output>
          </reporter-output>
        </test-method> <!-- closeApp -->
        <test-method is-config="true" signature="createTest(java.lang.reflect.Method)[pri:0, instance:script.demo2@5a45133e]" started-at="2022-05-09T22:03:12 CDT" name="createTest" finished-at="2022-05-09T22:03:12 CDT" duration-ms="2" status="PASS">
          <params>
            <param index="0">
              <value>
                <![CDATA[public void script.demo2.test2(java.lang.String[])]]>
              </value>
            </param>
          </params>
          <reporter-output>
          </reporter-output>
        </test-method> <!-- createTest -->
        <test-method is-config="true" signature="openApp(java.lang.String)[pri:0, instance:script.demo2@5a45133e]" started-at="2022-05-09T22:03:12 CDT" name="openApp" finished-at="2022-05-09T22:03:22 CDT" duration-ms="9392" status="PASS">
          <params>
            <param index="0">
              <value>
                <![CDATA[qa_config.properties]]>
              </value>
            </param>
          </params>
          <reporter-output>
          </reporter-output>
        </test-method> <!-- openApp -->
        <test-method signature="test2([Ljava.lang.String;)[pri:2, instance:script.demo2@5a45133e]" started-at="2022-05-09T22:03:22 CDT" name="test2" data-provider="getData" finished-at="2022-05-09T22:03:22 CDT" duration-ms="7" status="PASS">
          <params>
            <param index="0">
              <value>
                <![CDATA[[Ljava.lang.String;@747c0886]]>
              </value>
            </param>
          </params>
          <reporter-output>
            <line>
              <![CDATA[Facebook - log in or sign up]]>
            </line>
            <line>
              <![CDATA[A3]]>
            </line>
            <line>
              <![CDATA[B3]]>
            </line>
          </reporter-output>
        </test-method> <!-- test2 -->
        <test-method is-config="true" signature="closeApp()[pri:0, instance:script.demo2@5a45133e]" started-at="2022-05-09T22:03:22 CDT" name="closeApp" finished-at="2022-05-09T22:03:23 CDT" duration-ms="754" status="PASS">
          <reporter-output>
          </reporter-output>
        </test-method> <!-- closeApp -->
      </class> <!-- script.demo2 -->
      <class name="script.demo3">
        <test-method is-config="true" signature="openApp(java.lang.String)[pri:0, instance:script.demo3@534a5a98]" started-at="2022-05-09T22:03:23 CDT" name="openApp" finished-at="2022-05-09T22:03:33 CDT" duration-ms="10472" status="PASS">
          <params>
            <param index="0">
              <value>
                <![CDATA[qa_config.properties]]>
              </value>
            </param>
          </params>
          <reporter-output>
          </reporter-output>
        </test-method> <!-- openApp -->
        <test-method is-config="true" signature="createTest(java.lang.reflect.Method)[pri:0, instance:script.demo3@534a5a98]" started-at="2022-05-09T22:03:23 CDT" name="createTest" finished-at="2022-05-09T22:03:23 CDT" duration-ms="0" status="PASS">
          <params>
            <param index="0">
              <value>
                <![CDATA[public void script.demo3.test3(java.lang.String[])]]>
              </value>
            </param>
          </params>
          <reporter-output>
          </reporter-output>
        </test-method> <!-- createTest -->
        <test-method signature="test3([Ljava.lang.String;)[pri:3, instance:script.demo3@534a5a98]" started-at="2022-05-09T22:03:33 CDT" name="test3" data-provider="getData" finished-at="2022-05-09T22:03:33 CDT" duration-ms="2" status="PASS">
          <params>
            <param index="0">
              <value>
                <![CDATA[[Ljava.lang.String;@1f144cb3]]>
              </value>
            </param>
          </params>
          <reporter-output>
            <line>
              <![CDATA[A1]]>
            </line>
            <line>
              <![CDATA[B1]]>
            </line>
            <line>
              <![CDATA[C1]]>
            </line>
          </reporter-output>
        </test-method> <!-- test3 -->
        <test-method is-config="true" signature="closeApp()[pri:0, instance:script.demo3@534a5a98]" started-at="2022-05-09T22:03:33 CDT" name="closeApp" finished-at="2022-05-09T22:03:35 CDT" duration-ms="1716" status="PASS">
          <reporter-output>
          </reporter-output>
        </test-method> <!-- closeApp -->
        <test-method is-config="true" signature="createTest(java.lang.reflect.Method)[pri:0, instance:script.demo3@534a5a98]" started-at="2022-05-09T22:03:35 CDT" name="createTest" finished-at="2022-05-09T22:03:35 CDT" duration-ms="1" status="PASS">
          <params>
            <param index="0">
              <value>
                <![CDATA[public void script.demo3.test3(java.lang.String[])]]>
              </value>
            </param>
          </params>
          <reporter-output>
          </reporter-output>
        </test-method> <!-- createTest -->
        <test-method is-config="true" signature="openApp(java.lang.String)[pri:0, instance:script.demo3@534a5a98]" started-at="2022-05-09T22:03:35 CDT" name="openApp" finished-at="2022-05-09T22:03:45 CDT" duration-ms="10256" status="PASS">
          <params>
            <param index="0">
              <value>
                <![CDATA[qa_config.properties]]>
              </value>
            </param>
          </params>
          <reporter-output>
          </reporter-output>
        </test-method> <!-- openApp -->
        <test-method signature="test3([Ljava.lang.String;)[pri:3, instance:script.demo3@534a5a98]" started-at="2022-05-09T22:03:45 CDT" name="test3" data-provider="getData" finished-at="2022-05-09T22:03:45 CDT" duration-ms="1" status="PASS">
          <params>
            <param index="0">
              <value>
                <![CDATA[[Ljava.lang.String;@3401283c]]>
              </value>
            </param>
          </params>
          <reporter-output>
            <line>
              <![CDATA[A2]]>
            </line>
            <line>
              <![CDATA[B2]]>
            </line>
          </reporter-output>
        </test-method> <!-- test3 -->
        <test-method is-config="true" signature="closeApp()[pri:0, instance:script.demo3@534a5a98]" started-at="2022-05-09T22:03:45 CDT" name="closeApp" finished-at="2022-05-09T22:03:46 CDT" duration-ms="731" status="PASS">
          <reporter-output>
          </reporter-output>
        </test-method> <!-- closeApp -->
        <test-method is-config="true" signature="openApp(java.lang.String)[pri:0, instance:script.demo3@534a5a98]" started-at="2022-05-09T22:03:46 CDT" name="openApp" finished-at="2022-05-09T22:03:55 CDT" duration-ms="9107" status="PASS">
          <params>
            <param index="0">
              <value>
                <![CDATA[qa_config.properties]]>
              </value>
            </param>
          </params>
          <reporter-output>
          </reporter-output>
        </test-method> <!-- openApp -->
        <test-method is-config="true" signature="createTest(java.lang.reflect.Method)[pri:0, instance:script.demo3@534a5a98]" started-at="2022-05-09T22:03:46 CDT" name="createTest" finished-at="2022-05-09T22:03:46 CDT" duration-ms="0" status="PASS">
          <params>
            <param index="0">
              <value>
                <![CDATA[public void script.demo3.test3(java.lang.String[])]]>
              </value>
            </param>
          </params>
          <reporter-output>
          </reporter-output>
        </test-method> <!-- createTest -->
        <test-method signature="test3([Ljava.lang.String;)[pri:3, instance:script.demo3@534a5a98]" started-at="2022-05-09T22:03:55 CDT" name="test3" data-provider="getData" finished-at="2022-05-09T22:03:55 CDT" duration-ms="2" status="PASS">
          <params>
            <param index="0">
              <value>
                <![CDATA[[Ljava.lang.String;@194712e7]]>
              </value>
            </param>
          </params>
          <reporter-output>
            <line>
              <![CDATA[A3]]>
            </line>
            <line>
              <![CDATA[]]>
            </line>
            <line>
              <![CDATA[C3]]>
            </line>
          </reporter-output>
        </test-method> <!-- test3 -->
        <test-method is-config="true" signature="closeApp()[pri:0, instance:script.demo3@534a5a98]" started-at="2022-05-09T22:03:55 CDT" name="closeApp" finished-at="2022-05-09T22:03:56 CDT" duration-ms="792" status="PASS">
          <reporter-output>
          </reporter-output>
        </test-method> <!-- closeApp -->
        <test-method is-config="true" signature="createTest(java.lang.reflect.Method)[pri:0, instance:script.demo3@534a5a98]" started-at="2022-05-09T22:03:56 CDT" name="createTest" finished-at="2022-05-09T22:03:56 CDT" duration-ms="1" status="PASS">
          <params>
            <param index="0">
              <value>
                <![CDATA[public void script.demo3.test3(java.lang.String[])]]>
              </value>
            </param>
          </params>
          <reporter-output>
          </reporter-output>
        </test-method> <!-- createTest -->
        <test-method is-config="true" signature="openApp(java.lang.String)[pri:0, instance:script.demo3@534a5a98]" started-at="2022-05-09T22:03:56 CDT" name="openApp" finished-at="2022-05-09T22:04:02 CDT" duration-ms="6486" status="PASS">
          <params>
            <param index="0">
              <value>
                <![CDATA[qa_config.properties]]>
              </value>
            </param>
          </params>
          <reporter-output>
          </reporter-output>
        </test-method> <!-- openApp -->
        <test-method signature="test3([Ljava.lang.String;)[pri:3, instance:script.demo3@534a5a98]" started-at="2022-05-09T22:04:02 CDT" name="test3" data-provider="getData" finished-at="2022-05-09T22:04:02 CDT" duration-ms="1" status="PASS">
          <params>
            <param index="0">
              <value>
                <![CDATA[[Ljava.lang.String;@15f0d471]]>
              </value>
            </param>
          </params>
          <reporter-output>
            <line>
              <![CDATA[A4]]>
            </line>
          </reporter-output>
        </test-method> <!-- test3 -->
        <test-method is-config="true" signature="closeApp()[pri:0, instance:script.demo3@534a5a98]" started-at="2022-05-09T22:04:02 CDT" name="closeApp" finished-at="2022-05-09T22:04:03 CDT" duration-ms="659" status="PASS">
          <reporter-output>
          </reporter-output>
        </test-method> <!-- closeApp -->
      </class> <!-- script.demo3 -->
      <class name="script.Login">
        <test-method is-config="true" signature="createTest(java.lang.reflect.Method)[pri:0, instance:script.Login@121314f7]" started-at="2022-05-09T22:02:11 CDT" name="createTest" finished-at="2022-05-09T22:02:11 CDT" duration-ms="5" status="PASS">
          <params>
            <param index="0">
              <value>
                <![CDATA[public void script.Login.test1()]]>
              </value>
            </param>
          </params>
          <reporter-output>
          </reporter-output>
        </test-method> <!-- createTest -->
        <test-method is-config="true" signature="openApp(java.lang.String)[pri:0, instance:script.Login@121314f7]" started-at="2022-05-09T22:02:11 CDT" name="openApp" finished-at="2022-05-09T22:02:24 CDT" duration-ms="12707" status="PASS">
          <params>
            <param index="0">
              <value>
                <![CDATA[qa_config.properties]]>
              </value>
            </param>
          </params>
          <reporter-output>
          </reporter-output>
        </test-method> <!-- openApp -->
        <test-method signature="test1()[pri:0, instance:script.Login@121314f7]" started-at="2022-05-09T22:02:24 CDT" name="test1" finished-at="2022-05-09T22:02:24 CDT" duration-ms="9" status="PASS">
          <reporter-output>
            <line>
              <![CDATA[Facebook - log in or sign up]]>
            </line>
          </reporter-output>
        </test-method> <!-- test1 -->
        <test-method is-config="true" signature="closeApp()[pri:0, instance:script.Login@121314f7]" started-at="2022-05-09T22:02:24 CDT" name="closeApp" finished-at="2022-05-09T22:02:25 CDT" duration-ms="851" status="PASS">
          <reporter-output>
          </reporter-output>
        </test-method> <!-- closeApp -->
      </class> <!-- script.Login -->
      <class name="script.Loginusingframework">
        <test-method is-config="true" signature="createTest(java.lang.reflect.Method)[pri:0, instance:script.Loginusingframework@576d5deb]" started-at="2022-05-09T22:02:25 CDT" name="createTest" finished-at="2022-05-09T22:02:25 CDT" duration-ms="1" status="PASS">
          <params>
            <param index="0">
              <value>
                <![CDATA[public void script.Loginusingframework.test1()]]>
              </value>
            </param>
          </params>
          <reporter-output>
          </reporter-output>
        </test-method> <!-- createTest -->
        <test-method is-config="true" signature="openApp(java.lang.String)[pri:0, instance:script.Loginusingframework@576d5deb]" started-at="2022-05-09T22:02:25 CDT" name="openApp" finished-at="2022-05-09T22:02:36 CDT" duration-ms="11679" status="PASS">
          <params>
            <param index="0">
              <value>
                <![CDATA[qa_config.properties]]>
              </value>
            </param>
          </params>
          <reporter-output>
          </reporter-output>
        </test-method> <!-- openApp -->
        <test-method signature="test1()[pri:0, instance:script.Loginusingframework@576d5deb]" started-at="2022-05-09T22:02:36 CDT" name="test1" finished-at="2022-05-09T22:02:36 CDT" duration-ms="7" status="PASS">
          <reporter-output>
            <line>
              <![CDATA[Facebook - log in or sign up]]>
            </line>
          </reporter-output>
        </test-method> <!-- test1 -->
        <test-method is-config="true" signature="closeApp()[pri:0, instance:script.Loginusingframework@576d5deb]" started-at="2022-05-09T22:02:36 CDT" name="closeApp" finished-at="2022-05-09T22:02:37 CDT" duration-ms="700" status="PASS">
          <reporter-output>
          </reporter-output>
        </test-method> <!-- closeApp -->
      </class> <!-- script.Loginusingframework -->
    </test> <!-- Test1 -->
  </suite> <!-- Suite -->
</testng-results>
