<?xml version="1.0" encoding="UTF-8"?>
<testng-results ignored="0" total="1" passed="1" failed="0" skipped="0">
  <reporter-output>
  </reporter-output>
  <suite started-at="2022-05-12T21:36:36 CDT" name="Default suite" finished-at="2022-05-12T21:36:51 CDT" duration-ms="14896">
    <groups>
      <group name="smoke">
        <method signature="InvalidLogin.testInvalidLogin()[pri:2, instance:script.InvalidLogin@d9345cd]" name="testInvalidLogin" class="script.InvalidLogin"/>
      </group> <!-- smoke -->
    </groups>
    <test started-at="2022-05-12T21:36:36 CDT" name="Default test" finished-at="2022-05-12T21:36:51 CDT" duration-ms="14896">
      <class name="script.InvalidLogin">
        <test-method is-config="true" signature="initReport()[pri:0, instance:script.InvalidLogin@d9345cd]" started-at="2022-05-12T21:36:36 CDT" name="initReport" finished-at="2022-05-12T21:36:36 CDT" duration-ms="439" status="PASS">
          <reporter-output>
          </reporter-output>
        </test-method> <!-- initReport -->
        <test-method is-config="true" signature="createTest(java.lang.reflect.Method)[pri:0, instance:script.InvalidLogin@d9345cd]" started-at="2022-05-12T21:36:36 CDT" name="createTest" finished-at="2022-05-12T21:36:36 CDT" duration-ms="12" status="PASS">
          <params>
            <param index="0">
              <value>
                <![CDATA[public void script.InvalidLogin.testInvalidLogin()]]>
              </value>
            </param>
          </params>
          <reporter-output>
          </reporter-output>
        </test-method> <!-- createTest -->
        <test-method is-config="true" signature="openApp(java.lang.String)[pri:0, instance:script.InvalidLogin@d9345cd]" started-at="2022-05-12T21:36:36 CDT" name="openApp" finished-at="2022-05-12T21:36:48 CDT" duration-ms="11287" status="PASS">
          <params>
            <param index="0">
              <value>
                <![CDATA[./config.properties]]>
              </value>
            </param>
          </params>
          <reporter-output>
          </reporter-output>
        </test-method> <!-- openApp -->
        <test-method signature="testInvalidLogin()[pri:2, instance:script.InvalidLogin@d9345cd]" started-at="2022-05-12T21:36:48 CDT" name="testInvalidLogin" finished-at="2022-05-12T21:36:50 CDT" duration-ms="2428" status="PASS">
          <reporter-output>
          </reporter-output>
        </test-method> <!-- testInvalidLogin -->
        <test-method is-config="true" signature="closeApp(org.testng.ITestResult)[pri:0, instance:script.InvalidLogin@d9345cd]" started-at="2022-05-12T21:36:50 CDT" name="closeApp" finished-at="2022-05-12T21:36:51 CDT" duration-ms="1081" status="PASS">
          <params>
            <param index="0">
              <value>
                <![CDATA[[TestResult name=testInvalidLogin status=SUCCESS method=InvalidLogin.testInvalidLogin()[pri:2, instance:script.InvalidLogin@d9345cd] output={null}]]]>
              </value>
            </param>
          </params>
          <reporter-output>
          </reporter-output>
        </test-method> <!-- closeApp -->
        <test-method is-config="true" signature="publishReport()[pri:0, instance:script.InvalidLogin@d9345cd]" started-at="2022-05-12T21:36:51 CDT" name="publishReport" finished-at="2022-05-12T21:36:53 CDT" duration-ms="1143" status="PASS">
          <reporter-output>
          </reporter-output>
        </test-method> <!-- publishReport -->
      </class> <!-- script.InvalidLogin -->
    </test> <!-- Default test -->
  </suite> <!-- Default suite -->
</testng-results>
